<?xml version="1.0" encoding="UTF-8"?>
<testsuite name="com.monotonic.generics.MinTest" tests="3" skipped="0" failures="0" errors="0" timestamp="2018-02-13T12:56:50" hostname="Thalyss-MacBook-Pro.local" time="0.002">
  <properties/>
  <testcase name="shouldRaiseExceptionForEmptyList" classname="com.monotonic.generics.MinTest" time="0.001"/>
  <testcase name="shouldReturnSingleElementInList" classname="com.monotonic.generics.MinTest" time="0.0"/>
  <testcase name="shouldFindLowestInList" classname="com.monotonic.generics.MinTest" time="0.0"/>
  <system-out><![CDATA[]]></system-out>
  <system-err><![CDATA[]]></system-err>
</testsuite>
